c:\dersler\bsc\ımage_processıng\codes\codes_22\read_ımage\read_ımage\x64\debug\vc142.pdb
c:\dersler\bsc\ımage_processıng\codes\codes_22\read_ımage\read_ımage\x64\debug\.netframework,versıon=v4.7.2.assemblyattrıbutes.obj
c:\dersler\bsc\ımage_processıng\codes\codes_22\read_ımage\read_ımage\x64\debug\maın.obj
c:\dersler\bsc\ımage_processıng\codes\codes_22\read_ımage\read_ımage\x64\debug\form1.obj
c:\dersler\bsc\ımage_processıng\codes\codes_22\read_ımage\read_ımage\x64\debug\ımage.obj
c:\dersler\bsc\ımage_processıng\codes\codes_22\read_ımage\x64\debug\read_ımage.exe
c:\dersler\bsc\ımage_processıng\codes\codes_22\read_ımage\x64\debug\read_ımage.pdb
c:\dersler\bsc\ımage_processıng\codes\codes_22\read_ımage\read_ımage\x64\debug\read_ımage.tlog\metagen.wrıte.1.tlog
c:\dersler\bsc\ımage_processing\codes\codes_22\read_image\read_image\x64\debug\read_image.form1.resources
c:\dersler\bsc\ımage_processing\codes\codes_22\tostudents\read_image\read_image\x64\debug\read_image.vcxproj.generateresource.cache
c:\dersler\bsc\ımage_processing\codes\codes_22\tostudents\read_image\read_image\x64\debug\read_image.vcxprojassemblyreference.cache
c:\dersler\bsc\ımage_processing\codes\codes_22\tostudents\read_image\read_image\x64\debug\.netframework,version=v4.7.2.assemblyattributes.obj
c:\dersler\bsc\ımage_processing\codes\codes_22\tostudents\read_image\read_image\x64\debug\form1.obj
c:\dersler\bsc\ımage_processing\codes\codes_22\tostudents\read_image\read_image\x64\debug\image.obj
c:\dersler\bsc\ımage_processing\codes\codes_22\tostudents\read_image\read_image\x64\debug\main.obj
c:\dersler\bsc\ımage_processing\codes\codes_22\tostudents\read_image\read_image\x64\debug\read_image.form1.resources
c:\dersler\bsc\ımage_processing\codes\codes_22\tostudents\read_image\read_image\x64\debug\vc142.pdb
c:\dersler\bsc\ımage_processing\codes\codes_22\tostudents\read_image\x64\debug\read_image.pdb
c:\dersler\bsc\ımage_processing\codes\codes_22\tostudents\read_image\x64\debug\read_image.exe
c:\dersler\bsc\ımage_processing\codes\codes_22\tostudents\read_image\read_image\x64\debug\read_image.tlog\cl.command.1.tlog
c:\dersler\bsc\ımage_processing\codes\codes_22\tostudents\read_image\read_image\x64\debug\read_image.tlog\cl.read.1.tlog
c:\dersler\bsc\ımage_processing\codes\codes_22\tostudents\read_image\read_image\x64\debug\read_image.tlog\cl.write.1.tlog
c:\dersler\bsc\ımage_processing\codes\codes_22\tostudents\read_image\read_image\x64\debug\read_image.tlog\link.command.1.tlog
c:\dersler\bsc\ımage_processing\codes\codes_22\tostudents\read_image\read_image\x64\debug\read_image.tlog\link.read.1.tlog
c:\dersler\bsc\ımage_processing\codes\codes_22\tostudents\read_image\read_image\x64\debug\read_image.tlog\link.write.1.tlog
c:\dersler\bsc\ımage_processing\codes\codes_22\tostudents\read_image\read_image\x64\debug\read_image.tlog\metagen.read.1.tlog
c:\dersler\bsc\ımage_processing\codes\codes_22\tostudents\read_image\read_image\x64\debug\read_image.tlog\metagen.write.1.tlog
c:\dersler\bsc\ımage_processing\codes\codes_22\tostudents\read_image\read_image\x64\debug\read_image.tlog\read_image.write.1u.tlog
c:\dersler\bsc\ımage_processing\codes\codes_22\tostudents\read_image\read_image\x64\debug\read_image.tlog\system.data.dll.metagen
c:\dersler\bsc\ımage_processing\codes\codes_22\tostudents\read_image\read_image\x64\debug\read_image.tlog\system.dll.metagen
c:\dersler\bsc\ımage_processing\codes\codes_22\tostudents\read_image\read_image\x64\debug\read_image.tlog\system.drawıng.dll.metagen
c:\dersler\bsc\ımage_processing\codes\codes_22\tostudents\read_image\read_image\x64\debug\read_image.tlog\system.wındows.forms.dll.metagen
c:\dersler\bsc\ımage_processing\codes\codes_22\tostudents\read_image\read_image\x64\debug\read_image.tlog\system.xml.dll.metagen
c:\dersler\bsc\ımage_processing\codes\codes_22\tostudents\read_image\read_image\x64\debug\read_image.tlog\cluı.dll.bi
